[2017-11-25 14:29:06] 1
[2017-11-25 14:29:51] 1
[2017-11-25 14:32:18] ERR :######name
[2017-11-25 14:38:58] ERR :######name
[2017-11-25 14:41:25] ERR :###pic/###name
[2017-11-25 14:43:14] ERR :#POST##pic/###name
[2017-11-25 14:43:14] ERR :#RQST##pic/1_1511602933_0_4b4387d0d27afc9351c7219808ad77a0.jpeg###name
[2017-11-25 14:43:14] ERR :#GET##pic/1_1511602933_0_4b4387d0d27afc9351c7219808ad77a0.jpeg###name
[2017-11-25 14:43:49] ERR :#POST##pic/###name
[2017-11-25 14:43:49] ERR :#RQST##pic/1_1511602933_0_4b4387d0d27afc9351c7219808ad77a0.jpeg###name
[2017-11-25 14:43:49] ERR :#GET##pic/1_1511602933_0_4b4387d0d27afc9351c7219808ad77a0.jpeg###name
[2017-11-25 14:45:27] ERR :#RQST##1_1511602933_0_4b4387d0d27afc9351c7219808ad77a0.jpeg###name
[2017-11-25 15:38:17] INFO:LOGIN SUCCEED:u18
[2017-11-25 15:41:29] INFO:LOGIN FAILED:adminamin12
[2017-11-25 15:41:35] INFO:LOGIN SUCCEED:admin
[2017-11-25 16:06:01] INFO:LOGIN SUCCEED:admin
[2017-11-25 16:10:30] INFO:LOGIN SUCCEED:admin
[2017-11-25 16:11:40] INFO:LOGIN SUCCEED:admin
[2017-11-25 16:12:10] INFO:LOGIN SUCCEED:u18
[2017-11-25 16:12:42] INFO:LOGIN FAILED:u18u181
[2017-11-25 16:12:49] INFO:LOGIN SUCCEED:u18
[2017-11-25 16:16:00] INFO:LOGIN SUCCEED:admin
[2017-11-25 16:16:20] INFO:LOGIN FAILED:adminadmin12a
[2017-11-25 16:16:25] INFO:LOGIN FAILED:adminadmin12a
[2017-11-25 16:16:44] INFO:LOGIN SUCCEED:admin
